#! /usr/bin/vvp
:ivl_version "10.3 (stable)";
:ivl_delay_selection "TYPICAL";
:vpi_time_precision - 12;
:vpi_module "system";
:vpi_module "vhdl_sys";
:vpi_module "v2005_math";
:vpi_module "va_math";
S_0x556d57cccab0 .scope module, "test" "test" 2 21;
 .timescale -9 -12;
v0x556d57cde6d0_0 .net "DONE", 0 0, v0x556d57c96140_0;  1 drivers
v0x556d57cde790_0 .var "clk", 0 0;
v0x556d57cde860_0 .var "init", 0 0;
v0x556d57cde960_0 .net "out", 2 0, v0x556d57cde320_0;  1 drivers
v0x556d57cdea30_0 .var "portA", 2 0;
v0x556d57cdeb20_0 .var "portB", 2 0;
S_0x556d57cccc30 .scope module, "uut" "RSHIFT" 2 28, 2 2 0, S_0x556d57cccab0;
 .timescale -9 -12;
    .port_info 0 /INPUT 1 "init"
    .port_info 1 /INPUT 3 "portA"
    .port_info 2 /INPUT 3 "portB"
    .port_info 3 /INPUT 1 "clk"
    .port_info 4 /OUTPUT 3 "out"
    .port_info 5 /OUTPUT 1 "DONE"
v0x556d57c96140_0 .var "DONE", 0 0;
v0x556d57cde1c0_0 .net "clk", 0 0, v0x556d57cde790_0;  1 drivers
v0x556d57cde280_0 .net "init", 0 0, v0x556d57cde860_0;  1 drivers
v0x556d57cde320_0 .var "out", 2 0;
v0x556d57cde400_0 .net "portA", 2 0, v0x556d57cdea30_0;  1 drivers
v0x556d57cde530_0 .net "portB", 2 0, v0x556d57cdeb20_0;  1 drivers
E_0x556d57c96a90 .event edge, v0x556d57cde280_0, v0x556d57cde400_0, v0x556d57cde530_0;
    .scope S_0x556d57cccc30;
T_0 ;
    %wait E_0x556d57c96a90;
    %load/vec4 v0x556d57cde280_0;
    %flag_set/vec4 8;
    %jmp/0xz  T_0.0, 8;
    %load/vec4 v0x556d57cde400_0;
    %ix/getv 4, v0x556d57cde530_0;
    %shiftr 4;
    %store/vec4 v0x556d57cde320_0, 0, 3;
    %pushi/vec4 1, 0, 1;
    %store/vec4 v0x556d57c96140_0, 0, 1;
T_0.0 ;
    %jmp T_0;
    .thread T_0, $push;
    .scope S_0x556d57cccab0;
T_1 ;
    %vpi_call 2 31 "$dumpfile", "RSHIFT_tb.vcd" {0 0 0};
    %vpi_call 2 32 "$dumpvars", 32'sb00000000000000000000000000000000, S_0x556d57cccab0 {0 0 0};
    %pushi/vec4 6, 0, 3;
    %store/vec4 v0x556d57cdea30_0, 0, 3;
    %pushi/vec4 2, 0, 3;
    %store/vec4 v0x556d57cdeb20_0, 0, 3;
    %pushi/vec4 0, 0, 1;
    %store/vec4 v0x556d57cde790_0, 0, 1;
    %pushi/vec4 0, 0, 1;
    %store/vec4 v0x556d57cde860_0, 0, 1;
    %delay 18000, 0;
    %pushi/vec4 1, 0, 1;
    %store/vec4 v0x556d57cde860_0, 0, 1;
    %delay 2000000, 0;
    %vpi_call 2 39 "$finish" {0 0 0};
    %end;
    .thread T_1;
    .scope S_0x556d57cccab0;
T_2 ;
    %delay 1000, 0;
    %load/vec4 v0x556d57cde790_0;
    %inv;
    %store/vec4 v0x556d57cde790_0, 0, 1;
    %jmp T_2;
    .thread T_2;
# The file index is used to find the file name in the following table.
:file_names 3;
    "N/A";
    "<interactive>";
    "RSHIFT.v";
